2023-04-04 15:15:46.851  INFO 16044 --- [main] com.example.demo.SareetaApplication      : Starting SareetaApplication on ous-MacBook-Pro.local with PID 16044 (started by ou in /Users/ou/Library/Mobile Documents/com~apple~CloudDocs/MSCS/Self-Study/Udacity/Authentication/eCommerce-Application)
2023-04-04 15:15:46.854  INFO 16044 --- [main] com.example.demo.SareetaApplication      : No active profile set, falling back to default profiles: default
2023-04-04 15:15:47.080  INFO 16044 --- [main] .s.d.r.c.RepositoryConfigurationDelegate : Bootstrapping Spring Data JPA repositories in DEFAULT mode.
2023-04-04 15:15:47.113  INFO 16044 --- [main] .s.d.r.c.RepositoryConfigurationDelegate : Finished Spring Data repository scanning in 28ms. Found 4 JPA repository interfaces.
2023-04-04 15:15:47.327  INFO 16044 --- [main] trationDelegate$BeanPostProcessorChecker : Bean 'org.springframework.transaction.annotation.ProxyTransactionManagementConfiguration' of type [org.springframework.transaction.annotation.ProxyTransactionManagementConfiguration] is not eligible for getting processed by all BeanPostProcessors (for example: not eligible for auto-proxying)
2023-04-04 15:15:47.439  INFO 16044 --- [main] o.s.b.w.embedded.tomcat.TomcatWebServer  : Tomcat initialized with port(s): 8080 (http)
2023-04-04 15:15:47.444  INFO 16044 --- [main] o.apache.catalina.core.StandardService   : Starting service [Tomcat]
2023-04-04 15:15:47.444  INFO 16044 --- [main] org.apache.catalina.core.StandardEngine  : Starting Servlet engine: [Apache Tomcat/9.0.29]
2023-04-04 15:15:47.486  INFO 16044 --- [main] o.a.c.c.C.[Tomcat].[localhost].[/]       : Initializing Spring embedded WebApplicationContext
2023-04-04 15:15:47.486  INFO 16044 --- [main] o.s.web.context.ContextLoader            : Root WebApplicationContext: initialization completed in 594 ms
2023-04-04 15:15:47.558  INFO 16044 --- [main] o.hibernate.jpa.internal.util.LogHelper  : HHH000204: Processing PersistenceUnitInfo [name: default]
2023-04-04 15:15:47.589  INFO 16044 --- [main] org.hibernate.Version                    : HHH000412: Hibernate Core {5.4.9.Final}
2023-04-04 15:15:47.644  INFO 16044 --- [main] o.hibernate.annotations.common.Version   : HCANN000001: Hibernate Commons Annotations {5.1.0.Final}
2023-04-04 15:15:47.685  INFO 16044 --- [main] com.zaxxer.hikari.HikariDataSource       : HikariPool-1 - Starting...
2023-04-04 15:15:47.768  INFO 16044 --- [main] com.zaxxer.hikari.HikariDataSource       : HikariPool-1 - Start completed.
2023-04-04 15:15:47.776  INFO 16044 --- [main] org.hibernate.dialect.Dialect            : HHH000400: Using dialect: org.hibernate.dialect.H2Dialect
2023-04-04 15:15:48.106  INFO 16044 --- [main] o.h.e.t.j.p.i.JtaPlatformInitiator       : HHH000490: Using JtaPlatform implementation: [org.hibernate.engine.transaction.jta.platform.internal.NoJtaPlatform]
2023-04-04 15:15:48.109  INFO 16044 --- [main] j.LocalContainerEntityManagerFactoryBean : Initialized JPA EntityManagerFactory for persistence unit 'default'
2023-04-04 15:15:48.235  WARN 16044 --- [main] JpaBaseConfiguration$JpaWebConfiguration : spring.jpa.open-in-view is enabled by default. Therefore, database queries may be performed during view rendering. Explicitly configure spring.jpa.open-in-view to disable this warning
2023-04-04 15:15:48.440  INFO 16044 --- [main] o.s.s.web.DefaultSecurityFilterChain     : Creating filter chain: any request, [org.springframework.security.web.context.request.async.WebAsyncManagerIntegrationFilter@581d5b33, org.springframework.security.web.context.SecurityContextPersistenceFilter@233ece92, org.springframework.security.web.header.HeaderWriterFilter@237aba92, org.springframework.web.filter.CorsFilter@1f365a26, org.springframework.security.web.authentication.logout.LogoutFilter@1e54e900, com.example.demo.security.JWTAuthenticationFilter@44a9971f, com.example.demo.security.JWTAuthenticationVerficationFilter@2e2cd42c, org.springframework.security.web.savedrequest.RequestCacheAwareFilter@66596c4c, org.springframework.security.web.servletapi.SecurityContextHolderAwareRequestFilter@250e8712, org.springframework.security.web.authentication.AnonymousAuthenticationFilter@1cdad619, org.springframework.security.web.session.SessionManagementFilter@6978a32a, org.springframework.security.web.access.ExceptionTranslationFilter@2ae4c424, org.springframework.security.web.access.intercept.FilterSecurityInterceptor@1238a074]
2023-04-04 15:15:48.462  INFO 16044 --- [main] o.s.s.concurrent.ThreadPoolTaskExecutor  : Initializing ExecutorService 'applicationTaskExecutor'
2023-04-04 15:15:48.518  INFO 16044 --- [main] o.s.b.w.embedded.tomcat.TomcatWebServer  : Tomcat started on port(s): 8080 (http) with context path ''
2023-04-04 15:15:48.520  INFO 16044 --- [main] com.example.demo.SareetaApplication      : Started SareetaApplication in 1.924 seconds (JVM running for 2.347)
2023-04-04 15:15:52.203  INFO 16044 --- [SpringContextShutdownHook] o.s.s.concurrent.ThreadPoolTaskExecutor  : Shutting down ExecutorService 'applicationTaskExecutor'
2023-04-04 15:15:52.205  INFO 16044 --- [SpringContextShutdownHook] j.LocalContainerEntityManagerFactoryBean : Closing JPA EntityManagerFactory for persistence unit 'default'
2023-04-04 15:15:52.206  INFO 16044 --- [SpringContextShutdownHook] com.zaxxer.hikari.HikariDataSource       : HikariPool-1 - Shutdown initiated...
2023-04-04 15:15:52.207  INFO 16044 --- [SpringContextShutdownHook] com.zaxxer.hikari.HikariDataSource       : HikariPool-1 - Shutdown completed.
2023-04-04 15:16:01.068  INFO 16056 --- [main] com.example.demo.SareetaApplication      : Starting SareetaApplication on ous-MacBook-Pro.local with PID 16056 (started by ou in /Users/ou/Library/Mobile Documents/com~apple~CloudDocs/MSCS/Self-Study/Udacity/Authentication/eCommerce-Application)
2023-04-04 15:16:01.070  INFO 16056 --- [main] com.example.demo.SareetaApplication      : No active profile set, falling back to default profiles: default
2023-04-04 15:16:01.292  INFO 16056 --- [main] .s.d.r.c.RepositoryConfigurationDelegate : Bootstrapping Spring Data JPA repositories in DEFAULT mode.
2023-04-04 15:16:01.318  INFO 16056 --- [main] .s.d.r.c.RepositoryConfigurationDelegate : Finished Spring Data repository scanning in 21ms. Found 4 JPA repository interfaces.
2023-04-04 15:16:01.526  INFO 16056 --- [main] trationDelegate$BeanPostProcessorChecker : Bean 'org.springframework.transaction.annotation.ProxyTransactionManagementConfiguration' of type [org.springframework.transaction.annotation.ProxyTransactionManagementConfiguration] is not eligible for getting processed by all BeanPostProcessors (for example: not eligible for auto-proxying)
2023-04-04 15:16:01.628  INFO 16056 --- [main] o.s.b.w.embedded.tomcat.TomcatWebServer  : Tomcat initialized with port(s): 8080 (http)
2023-04-04 15:16:01.633  INFO 16056 --- [main] o.apache.catalina.core.StandardService   : Starting service [Tomcat]
2023-04-04 15:16:01.633  INFO 16056 --- [main] org.apache.catalina.core.StandardEngine  : Starting Servlet engine: [Apache Tomcat/9.0.29]
2023-04-04 15:16:01.678  INFO 16056 --- [main] o.a.c.c.C.[Tomcat].[localhost].[/]       : Initializing Spring embedded WebApplicationContext
2023-04-04 15:16:01.678  INFO 16056 --- [main] o.s.web.context.ContextLoader            : Root WebApplicationContext: initialization completed in 573 ms
2023-04-04 15:16:01.746  INFO 16056 --- [main] o.hibernate.jpa.internal.util.LogHelper  : HHH000204: Processing PersistenceUnitInfo [name: default]
2023-04-04 15:16:01.776  INFO 16056 --- [main] org.hibernate.Version                    : HHH000412: Hibernate Core {5.4.9.Final}
2023-04-04 15:16:01.826  INFO 16056 --- [main] o.hibernate.annotations.common.Version   : HCANN000001: Hibernate Commons Annotations {5.1.0.Final}
2023-04-04 15:16:01.863  INFO 16056 --- [main] com.zaxxer.hikari.HikariDataSource       : HikariPool-1 - Starting...
2023-04-04 15:16:01.942  INFO 16056 --- [main] com.zaxxer.hikari.HikariDataSource       : HikariPool-1 - Start completed.
2023-04-04 15:16:01.950  INFO 16056 --- [main] org.hibernate.dialect.Dialect            : HHH000400: Using dialect: org.hibernate.dialect.H2Dialect
2023-04-04 15:16:02.261  INFO 16056 --- [main] o.h.e.t.j.p.i.JtaPlatformInitiator       : HHH000490: Using JtaPlatform implementation: [org.hibernate.engine.transaction.jta.platform.internal.NoJtaPlatform]
2023-04-04 15:16:02.264  INFO 16056 --- [main] j.LocalContainerEntityManagerFactoryBean : Initialized JPA EntityManagerFactory for persistence unit 'default'
2023-04-04 15:16:02.393  WARN 16056 --- [main] JpaBaseConfiguration$JpaWebConfiguration : spring.jpa.open-in-view is enabled by default. Therefore, database queries may be performed during view rendering. Explicitly configure spring.jpa.open-in-view to disable this warning
2023-04-04 15:16:02.592  INFO 16056 --- [main] o.s.s.web.DefaultSecurityFilterChain     : Creating filter chain: any request, [org.springframework.security.web.context.request.async.WebAsyncManagerIntegrationFilter@27d6467, org.springframework.security.web.context.SecurityContextPersistenceFilter@22cb8e5f, org.springframework.security.web.header.HeaderWriterFilter@2842ef02, org.springframework.web.filter.CorsFilter@5bf1b528, org.springframework.security.web.authentication.logout.LogoutFilter@54c3e686, com.example.demo.security.JWTAuthenticationFilter@2c92f094, com.example.demo.security.JWTAuthenticationVerficationFilter@1c3b221f, org.springframework.security.web.savedrequest.RequestCacheAwareFilter@7341baa3, org.springframework.security.web.servletapi.SecurityContextHolderAwareRequestFilter@1fec9d33, org.springframework.security.web.authentication.AnonymousAuthenticationFilter@750c23a3, org.springframework.security.web.session.SessionManagementFilter@aa794a3, org.springframework.security.web.access.ExceptionTranslationFilter@7a51dc38, org.springframework.security.web.access.intercept.FilterSecurityInterceptor@6f89ad03]
2023-04-04 15:16:02.614  INFO 16056 --- [main] o.s.s.concurrent.ThreadPoolTaskExecutor  : Initializing ExecutorService 'applicationTaskExecutor'
2023-04-04 15:16:02.672  INFO 16056 --- [main] o.s.b.w.embedded.tomcat.TomcatWebServer  : Tomcat started on port(s): 8080 (http) with context path ''
2023-04-04 15:16:02.673  INFO 16056 --- [main] com.example.demo.SareetaApplication      : Started SareetaApplication in 1.776 seconds (JVM running for 2.131)
2023-04-04 15:16:30.934  INFO 16056 --- [http-nio-8080-exec-2] o.a.c.c.C.[Tomcat].[localhost].[/]       : Initializing Spring DispatcherServlet 'dispatcherServlet'
2023-04-04 15:16:30.934  INFO 16056 --- [http-nio-8080-exec-2] o.s.web.servlet.DispatcherServlet        : Initializing Servlet 'dispatcherServlet'
2023-04-04 15:16:30.942  INFO 16056 --- [http-nio-8080-exec-2] o.s.web.servlet.DispatcherServlet        : Completed initialization in 8 ms
2023-04-04 15:16:31.033  INFO 16056 --- [http-nio-8080-exec-2] c.e.demo.controllers.UserController      : User name set with Rachels
2023-04-04 15:16:31.034  WARN 16056 --- [http-nio-8080-exec-2] c.e.demo.controllers.UserController      : CreateUser request failures
2023-04-04 15:16:47.724  INFO 16056 --- [http-nio-8080-exec-6] c.e.demo.controllers.UserController      : User name set with Rachels
2023-04-04 15:16:47.725  WARN 16056 --- [http-nio-8080-exec-6] c.e.demo.controllers.UserController      : CreateUser request failures
2023-04-04 15:18:53.378  INFO 16056 --- [http-nio-8080-exec-8] c.e.demo.controllers.UserController      : User name set with Rachels
2023-04-04 15:18:53.523  INFO 16056 --- [http-nio-8080-exec-8] c.e.demo.controllers.UserController      : CreateUser request successes
2023-04-04 16:26:58.399  WARN 16056 --- [HikariPool-1 housekeeper] com.zaxxer.hikari.pool.HikariPool        : HikariPool-1 - Thread starvation or clock leap detected (housekeeper delta=49m26s156ms).
2023-04-04 16:39:24.352  WARN 16056 --- [HikariPool-1 housekeeper] com.zaxxer.hikari.pool.HikariPool        : HikariPool-1 - Thread starvation or clock leap detected (housekeeper delta=12m25s953ms).
2023-04-04 17:06:57.779  WARN 16056 --- [HikariPool-1 housekeeper] com.zaxxer.hikari.pool.HikariPool        : HikariPool-1 - Thread starvation or clock leap detected (housekeeper delta=9m31s127ms).
2023-04-04 17:16:29.797  INFO 16056 --- [SpringContextShutdownHook] o.s.s.concurrent.ThreadPoolTaskExecutor  : Shutting down ExecutorService 'applicationTaskExecutor'
2023-04-04 17:16:29.801  INFO 16056 --- [SpringContextShutdownHook] j.LocalContainerEntityManagerFactoryBean : Closing JPA EntityManagerFactory for persistence unit 'default'
2023-04-04 17:16:29.805  INFO 16056 --- [SpringContextShutdownHook] com.zaxxer.hikari.HikariDataSource       : HikariPool-1 - Shutdown initiated...
2023-04-04 17:16:29.808  INFO 16056 --- [SpringContextShutdownHook] com.zaxxer.hikari.HikariDataSource       : HikariPool-1 - Shutdown completed.
2023-04-04 17:16:32.173  INFO 16916 --- [main] com.example.demo.SareetaApplication      : Starting SareetaApplication on ous-MacBook-Pro.local with PID 16916 (started by ou in /Users/ou/Library/Mobile Documents/com~apple~CloudDocs/MSCS/Self-Study/Udacity/Authentication/eCommerce-Application)
2023-04-04 17:16:32.174  INFO 16916 --- [main] com.example.demo.SareetaApplication      : No active profile set, falling back to default profiles: default
2023-04-04 17:16:32.395  INFO 16916 --- [main] .s.d.r.c.RepositoryConfigurationDelegate : Bootstrapping Spring Data JPA repositories in DEFAULT mode.
2023-04-04 17:16:32.518  INFO 16916 --- [main] .s.d.r.c.RepositoryConfigurationDelegate : Finished Spring Data repository scanning in 119ms. Found 4 JPA repository interfaces.
2023-04-04 17:16:32.774  INFO 16916 --- [main] trationDelegate$BeanPostProcessorChecker : Bean 'org.springframework.transaction.annotation.ProxyTransactionManagementConfiguration' of type [org.springframework.transaction.annotation.ProxyTransactionManagementConfiguration] is not eligible for getting processed by all BeanPostProcessors (for example: not eligible for auto-proxying)
2023-04-04 17:16:32.926  INFO 16916 --- [main] o.s.b.w.embedded.tomcat.TomcatWebServer  : Tomcat initialized with port(s): 8080 (http)
2023-04-04 17:16:32.931  INFO 16916 --- [main] o.apache.catalina.core.StandardService   : Starting service [Tomcat]
2023-04-04 17:16:32.931  INFO 16916 --- [main] org.apache.catalina.core.StandardEngine  : Starting Servlet engine: [Apache Tomcat/9.0.29]
2023-04-04 17:16:32.976  INFO 16916 --- [main] o.a.c.c.C.[Tomcat].[localhost].[/]       : Initializing Spring embedded WebApplicationContext
2023-04-04 17:16:32.976  INFO 16916 --- [main] o.s.web.context.ContextLoader            : Root WebApplicationContext: initialization completed in 771 ms
2023-04-04 17:16:33.059  INFO 16916 --- [main] o.hibernate.jpa.internal.util.LogHelper  : HHH000204: Processing PersistenceUnitInfo [name: default]
2023-04-04 17:16:33.092  INFO 16916 --- [main] org.hibernate.Version                    : HHH000412: Hibernate Core {5.4.9.Final}
2023-04-04 17:16:33.150  INFO 16916 --- [main] o.hibernate.annotations.common.Version   : HCANN000001: Hibernate Commons Annotations {5.1.0.Final}
2023-04-04 17:16:33.204  INFO 16916 --- [main] com.zaxxer.hikari.HikariDataSource       : HikariPool-1 - Starting...
2023-04-04 17:16:33.315  INFO 16916 --- [main] com.zaxxer.hikari.HikariDataSource       : HikariPool-1 - Start completed.
2023-04-04 17:16:33.337  INFO 16916 --- [main] org.hibernate.dialect.Dialect            : HHH000400: Using dialect: org.hibernate.dialect.H2Dialect
2023-04-04 17:16:34.245  INFO 16916 --- [main] o.h.e.t.j.p.i.JtaPlatformInitiator       : HHH000490: Using JtaPlatform implementation: [org.hibernate.engine.transaction.jta.platform.internal.NoJtaPlatform]
2023-04-04 17:16:34.249  INFO 16916 --- [main] j.LocalContainerEntityManagerFactoryBean : Initialized JPA EntityManagerFactory for persistence unit 'default'
2023-04-04 17:16:34.428  WARN 16916 --- [main] JpaBaseConfiguration$JpaWebConfiguration : spring.jpa.open-in-view is enabled by default. Therefore, database queries may be performed during view rendering. Explicitly configure spring.jpa.open-in-view to disable this warning
2023-04-04 17:16:34.665  INFO 16916 --- [main] o.s.s.web.DefaultSecurityFilterChain     : Creating filter chain: any request, [org.springframework.security.web.context.request.async.WebAsyncManagerIntegrationFilter@1860b107, org.springframework.security.web.context.SecurityContextPersistenceFilter@5443086a, org.springframework.security.web.header.HeaderWriterFilter@2b506a79, org.springframework.web.filter.CorsFilter@744f0e0b, org.springframework.security.web.authentication.logout.LogoutFilter@17fb5184, com.example.demo.security.JWTAuthenticationFilter@4136b193, com.example.demo.security.JWTAuthenticationVerficationFilter@4af44f2a, org.springframework.security.web.savedrequest.RequestCacheAwareFilter@40a84ea8, org.springframework.security.web.servletapi.SecurityContextHolderAwareRequestFilter@37a1beb3, org.springframework.security.web.authentication.AnonymousAuthenticationFilter@570127fa, org.springframework.security.web.session.SessionManagementFilter@43ca96a0, org.springframework.security.web.access.ExceptionTranslationFilter@4c78e00c, org.springframework.security.web.access.intercept.FilterSecurityInterceptor@78f4d15d]
2023-04-04 17:16:34.691  INFO 16916 --- [main] o.s.s.concurrent.ThreadPoolTaskExecutor  : Initializing ExecutorService 'applicationTaskExecutor'
2023-04-04 17:16:34.817  INFO 16916 --- [main] o.s.b.w.embedded.tomcat.TomcatWebServer  : Tomcat started on port(s): 8080 (http) with context path ''
2023-04-04 17:16:34.819  INFO 16916 --- [main] com.example.demo.SareetaApplication      : Started SareetaApplication in 2.809 seconds (JVM running for 3.347)
2023-04-04 17:17:18.937  INFO 16916 --- [http-nio-8080-exec-1] o.a.c.c.C.[Tomcat].[localhost].[/]       : Initializing Spring DispatcherServlet 'dispatcherServlet'
2023-04-04 17:17:18.937  INFO 16916 --- [http-nio-8080-exec-1] o.s.web.servlet.DispatcherServlet        : Initializing Servlet 'dispatcherServlet'
2023-04-04 17:17:18.942  INFO 16916 --- [http-nio-8080-exec-1] o.s.web.servlet.DispatcherServlet        : Completed initialization in 5 ms
2023-04-04 17:17:19.002  INFO 16916 --- [http-nio-8080-exec-1] c.e.demo.controllers.UserController      : User name set with Rachels
2023-04-04 17:17:19.122  INFO 16916 --- [http-nio-8080-exec-1] c.e.demo.controllers.UserController      : CreateUser request successes
2023-04-04 17:18:40.680  INFO 16916 --- [SpringContextShutdownHook] o.s.s.concurrent.ThreadPoolTaskExecutor  : Shutting down ExecutorService 'applicationTaskExecutor'
2023-04-04 17:18:40.683  INFO 16916 --- [SpringContextShutdownHook] j.LocalContainerEntityManagerFactoryBean : Closing JPA EntityManagerFactory for persistence unit 'default'
2023-04-04 17:18:40.686  INFO 16916 --- [SpringContextShutdownHook] com.zaxxer.hikari.HikariDataSource       : HikariPool-1 - Shutdown initiated...
2023-04-04 17:18:40.688  INFO 16916 --- [SpringContextShutdownHook] com.zaxxer.hikari.HikariDataSource       : HikariPool-1 - Shutdown completed.
2023-04-04 17:18:42.981  INFO 16949 --- [main] com.example.demo.SareetaApplication      : Starting SareetaApplication on ous-MacBook-Pro.local with PID 16949 (started by ou in /Users/ou/Library/Mobile Documents/com~apple~CloudDocs/MSCS/Self-Study/Udacity/Authentication/eCommerce-Application)
2023-04-04 17:18:42.983  INFO 16949 --- [main] com.example.demo.SareetaApplication      : No active profile set, falling back to default profiles: default
2023-04-04 17:18:43.206  INFO 16949 --- [main] .s.d.r.c.RepositoryConfigurationDelegate : Bootstrapping Spring Data JPA repositories in DEFAULT mode.
2023-04-04 17:18:43.230  INFO 16949 --- [main] .s.d.r.c.RepositoryConfigurationDelegate : Finished Spring Data repository scanning in 20ms. Found 4 JPA repository interfaces.
2023-04-04 17:18:43.426  INFO 16949 --- [main] trationDelegate$BeanPostProcessorChecker : Bean 'org.springframework.transaction.annotation.ProxyTransactionManagementConfiguration' of type [org.springframework.transaction.annotation.ProxyTransactionManagementConfiguration] is not eligible for getting processed by all BeanPostProcessors (for example: not eligible for auto-proxying)
2023-04-04 17:18:43.526  INFO 16949 --- [main] o.s.b.w.embedded.tomcat.TomcatWebServer  : Tomcat initialized with port(s): 8080 (http)
2023-04-04 17:18:43.530  INFO 16949 --- [main] o.apache.catalina.core.StandardService   : Starting service [Tomcat]
2023-04-04 17:18:43.530  INFO 16949 --- [main] org.apache.catalina.core.StandardEngine  : Starting Servlet engine: [Apache Tomcat/9.0.29]
2023-04-04 17:18:43.573  INFO 16949 --- [main] o.a.c.c.C.[Tomcat].[localhost].[/]       : Initializing Spring embedded WebApplicationContext
2023-04-04 17:18:43.573  INFO 16949 --- [main] o.s.web.context.ContextLoader            : Root WebApplicationContext: initialization completed in 563 ms
2023-04-04 17:18:43.634  INFO 16949 --- [main] o.hibernate.jpa.internal.util.LogHelper  : HHH000204: Processing PersistenceUnitInfo [name: default]
2023-04-04 17:18:43.663  INFO 16949 --- [main] org.hibernate.Version                    : HHH000412: Hibernate Core {5.4.9.Final}
2023-04-04 17:18:43.715  INFO 16949 --- [main] o.hibernate.annotations.common.Version   : HCANN000001: Hibernate Commons Annotations {5.1.0.Final}
2023-04-04 17:18:43.749  INFO 16949 --- [main] com.zaxxer.hikari.HikariDataSource       : HikariPool-1 - Starting...
2023-04-04 17:18:43.828  INFO 16949 --- [main] com.zaxxer.hikari.HikariDataSource       : HikariPool-1 - Start completed.
2023-04-04 17:18:43.835  INFO 16949 --- [main] org.hibernate.dialect.Dialect            : HHH000400: Using dialect: org.hibernate.dialect.H2Dialect
2023-04-04 17:18:44.143  INFO 16949 --- [main] o.h.e.t.j.p.i.JtaPlatformInitiator       : HHH000490: Using JtaPlatform implementation: [org.hibernate.engine.transaction.jta.platform.internal.NoJtaPlatform]
2023-04-04 17:18:44.146  INFO 16949 --- [main] j.LocalContainerEntityManagerFactoryBean : Initialized JPA EntityManagerFactory for persistence unit 'default'
2023-04-04 17:18:44.270  WARN 16949 --- [main] JpaBaseConfiguration$JpaWebConfiguration : spring.jpa.open-in-view is enabled by default. Therefore, database queries may be performed during view rendering. Explicitly configure spring.jpa.open-in-view to disable this warning
2023-04-04 17:18:44.460  INFO 16949 --- [main] o.s.s.web.DefaultSecurityFilterChain     : Creating filter chain: any request, [org.springframework.security.web.context.request.async.WebAsyncManagerIntegrationFilter@1860b107, org.springframework.security.web.context.SecurityContextPersistenceFilter@65a2e14e, org.springframework.security.web.header.HeaderWriterFilter@40a84ea8, org.springframework.web.filter.CorsFilter@744f0e0b, org.springframework.security.web.authentication.logout.LogoutFilter@58ad0586, com.example.demo.security.JWTAuthenticationFilter@4136b193, com.example.demo.security.JWTAuthenticationVerficationFilter@4af44f2a, org.springframework.security.web.savedrequest.RequestCacheAwareFilter@4bf89d3d, org.springframework.security.web.servletapi.SecurityContextHolderAwareRequestFilter@417751d3, org.springframework.security.web.authentication.AnonymousAuthenticationFilter@570127fa, org.springframework.security.web.session.SessionManagementFilter@35840ecc, org.springframework.security.web.access.ExceptionTranslationFilter@5443086a, org.springframework.security.web.access.intercept.FilterSecurityInterceptor@78f4d15d]
2023-04-04 17:18:44.482  INFO 16949 --- [main] o.s.s.concurrent.ThreadPoolTaskExecutor  : Initializing ExecutorService 'applicationTaskExecutor'
2023-04-04 17:18:44.537  INFO 16949 --- [main] o.s.b.w.embedded.tomcat.TomcatWebServer  : Tomcat started on port(s): 8080 (http) with context path ''
2023-04-04 17:18:44.538  INFO 16949 --- [main] com.example.demo.SareetaApplication      : Started SareetaApplication in 1.704 seconds (JVM running for 1.937)
2023-04-04 17:18:52.248  INFO 16949 --- [http-nio-8080-exec-2] o.a.c.c.C.[Tomcat].[localhost].[/]       : Initializing Spring DispatcherServlet 'dispatcherServlet'
2023-04-04 17:18:52.248  INFO 16949 --- [http-nio-8080-exec-2] o.s.web.servlet.DispatcherServlet        : Initializing Servlet 'dispatcherServlet'
2023-04-04 17:18:52.252  INFO 16949 --- [http-nio-8080-exec-2] o.s.web.servlet.DispatcherServlet        : Completed initialization in 4 ms
2023-04-04 17:18:52.308  INFO 16949 --- [http-nio-8080-exec-2] c.e.demo.controllers.UserController      : User name set with Rachels
2023-04-04 17:18:52.430  INFO 16949 --- [http-nio-8080-exec-2] c.e.demo.controllers.UserController      : CreateUser request successes
2023-04-04 17:24:46.132  INFO 16949 --- [SpringContextShutdownHook] o.s.s.concurrent.ThreadPoolTaskExecutor  : Shutting down ExecutorService 'applicationTaskExecutor'
2023-04-04 17:24:46.134  INFO 16949 --- [SpringContextShutdownHook] j.LocalContainerEntityManagerFactoryBean : Closing JPA EntityManagerFactory for persistence unit 'default'
2023-04-04 17:24:46.137  INFO 16949 --- [SpringContextShutdownHook] com.zaxxer.hikari.HikariDataSource       : HikariPool-1 - Shutdown initiated...
2023-04-04 17:24:46.139  INFO 16949 --- [SpringContextShutdownHook] com.zaxxer.hikari.HikariDataSource       : HikariPool-1 - Shutdown completed.
2023-04-04 17:24:49.056  INFO 17010 --- [main] com.example.demo.SareetaApplication      : Starting SareetaApplication on ous-MacBook-Pro.local with PID 17010 (started by ou in /Users/ou/Library/Mobile Documents/com~apple~CloudDocs/MSCS/Self-Study/Udacity/Authentication/eCommerce-Application)
2023-04-04 17:24:49.060  INFO 17010 --- [main] com.example.demo.SareetaApplication      : No active profile set, falling back to default profiles: default
2023-04-04 17:24:49.346  INFO 17010 --- [main] .s.d.r.c.RepositoryConfigurationDelegate : Bootstrapping Spring Data JPA repositories in DEFAULT mode.
2023-04-04 17:24:49.377  INFO 17010 --- [main] .s.d.r.c.RepositoryConfigurationDelegate : Finished Spring Data repository scanning in 24ms. Found 4 JPA repository interfaces.
2023-04-04 17:24:50.282  INFO 17010 --- [main] trationDelegate$BeanPostProcessorChecker : Bean 'org.springframework.transaction.annotation.ProxyTransactionManagementConfiguration' of type [org.springframework.transaction.annotation.ProxyTransactionManagementConfiguration] is not eligible for getting processed by all BeanPostProcessors (for example: not eligible for auto-proxying)
2023-04-04 17:24:50.471  INFO 17010 --- [main] o.s.b.w.embedded.tomcat.TomcatWebServer  : Tomcat initialized with port(s): 8080 (http)
2023-04-04 17:24:50.476  INFO 17010 --- [main] o.apache.catalina.core.StandardService   : Starting service [Tomcat]
2023-04-04 17:24:50.476  INFO 17010 --- [main] org.apache.catalina.core.StandardEngine  : Starting Servlet engine: [Apache Tomcat/9.0.29]
2023-04-04 17:24:50.526  INFO 17010 --- [main] o.a.c.c.C.[Tomcat].[localhost].[/]       : Initializing Spring embedded WebApplicationContext
2023-04-04 17:24:50.527  INFO 17010 --- [main] o.s.web.context.ContextLoader            : Root WebApplicationContext: initialization completed in 1424 ms
2023-04-04 17:24:50.652  INFO 17010 --- [main] o.hibernate.jpa.internal.util.LogHelper  : HHH000204: Processing PersistenceUnitInfo [name: default]
2023-04-04 17:24:50.705  INFO 17010 --- [main] org.hibernate.Version                    : HHH000412: Hibernate Core {5.4.9.Final}
2023-04-04 17:24:50.956  INFO 17010 --- [main] o.hibernate.annotations.common.Version   : HCANN000001: Hibernate Commons Annotations {5.1.0.Final}
2023-04-04 17:24:51.038  INFO 17010 --- [main] com.zaxxer.hikari.HikariDataSource       : HikariPool-1 - Starting...
2023-04-04 17:24:51.146  INFO 17010 --- [main] com.zaxxer.hikari.HikariDataSource       : HikariPool-1 - Start completed.
2023-04-04 17:24:51.155  INFO 17010 --- [main] org.hibernate.dialect.Dialect            : HHH000400: Using dialect: org.hibernate.dialect.H2Dialect
2023-04-04 17:24:51.530  INFO 17010 --- [main] o.h.e.t.j.p.i.JtaPlatformInitiator       : HHH000490: Using JtaPlatform implementation: [org.hibernate.engine.transaction.jta.platform.internal.NoJtaPlatform]
2023-04-04 17:24:51.538  INFO 17010 --- [main] j.LocalContainerEntityManagerFactoryBean : Initialized JPA EntityManagerFactory for persistence unit 'default'
2023-04-04 17:24:51.666  WARN 17010 --- [main] JpaBaseConfiguration$JpaWebConfiguration : spring.jpa.open-in-view is enabled by default. Therefore, database queries may be performed during view rendering. Explicitly configure spring.jpa.open-in-view to disable this warning
2023-04-04 17:24:51.855  INFO 17010 --- [main] o.s.s.web.DefaultSecurityFilterChain     : Creating filter chain: any request, [org.springframework.security.web.context.request.async.WebAsyncManagerIntegrationFilter@7c6ab057, org.springframework.security.web.context.SecurityContextPersistenceFilter@34ede267, org.springframework.security.web.header.HeaderWriterFilter@446f3a53, org.springframework.web.filter.CorsFilter@7ce4498f, org.springframework.security.web.authentication.logout.LogoutFilter@571c2ed8, com.example.demo.security.JWTAuthenticationFilter@1f7557fe, com.example.demo.security.JWTAuthenticationVerficationFilter@7bd7d71c, org.springframework.security.web.savedrequest.RequestCacheAwareFilter@51c6e775, org.springframework.security.web.servletapi.SecurityContextHolderAwareRequestFilter@3e0e0ba7, org.springframework.security.web.authentication.AnonymousAuthenticationFilter@52963839, org.springframework.security.web.session.SessionManagementFilter@1e592ef2, org.springframework.security.web.access.ExceptionTranslationFilter@62f6185a, org.springframework.security.web.access.intercept.FilterSecurityInterceptor@451a4187]
2023-04-04 17:24:51.876  INFO 17010 --- [main] o.s.s.concurrent.ThreadPoolTaskExecutor  : Initializing ExecutorService 'applicationTaskExecutor'
2023-04-04 17:24:51.934  INFO 17010 --- [main] o.s.b.w.embedded.tomcat.TomcatWebServer  : Tomcat started on port(s): 8080 (http) with context path ''
2023-04-04 17:24:51.935  INFO 17010 --- [main] com.example.demo.SareetaApplication      : Started SareetaApplication in 3.197 seconds (JVM running for 3.483)
2023-04-04 17:24:59.880  INFO 17010 --- [http-nio-8080-exec-2] o.a.c.c.C.[Tomcat].[localhost].[/]       : Initializing Spring DispatcherServlet 'dispatcherServlet'
2023-04-04 17:24:59.881  INFO 17010 --- [http-nio-8080-exec-2] o.s.web.servlet.DispatcherServlet        : Initializing Servlet 'dispatcherServlet'
2023-04-04 17:24:59.885  INFO 17010 --- [http-nio-8080-exec-2] o.s.web.servlet.DispatcherServlet        : Completed initialization in 4 ms
2023-04-04 17:24:59.936  INFO 17010 --- [http-nio-8080-exec-2] c.e.demo.controllers.UserController      : User name set with Rachels
2023-04-04 17:25:00.061  INFO 17010 --- [http-nio-8080-exec-2] c.e.demo.controllers.UserController      : CreateUser request successes
2023-04-04 17:27:10.757  INFO 17010 --- [SpringContextShutdownHook] o.s.s.concurrent.ThreadPoolTaskExecutor  : Shutting down ExecutorService 'applicationTaskExecutor'
2023-04-04 17:27:10.760  INFO 17010 --- [SpringContextShutdownHook] j.LocalContainerEntityManagerFactoryBean : Closing JPA EntityManagerFactory for persistence unit 'default'
2023-04-04 17:27:10.763  INFO 17010 --- [SpringContextShutdownHook] com.zaxxer.hikari.HikariDataSource       : HikariPool-1 - Shutdown initiated...
2023-04-04 17:27:10.765  INFO 17010 --- [SpringContextShutdownHook] com.zaxxer.hikari.HikariDataSource       : HikariPool-1 - Shutdown completed.
2023-04-04 17:27:13.080  INFO 17054 --- [main] com.example.demo.SareetaApplication      : Starting SareetaApplication on ous-MacBook-Pro.local with PID 17054 (started by ou in /Users/ou/Library/Mobile Documents/com~apple~CloudDocs/MSCS/Self-Study/Udacity/Authentication/eCommerce-Application)
2023-04-04 17:27:13.082  INFO 17054 --- [main] com.example.demo.SareetaApplication      : No active profile set, falling back to default profiles: default
2023-04-04 17:27:13.288  INFO 17054 --- [main] .s.d.r.c.RepositoryConfigurationDelegate : Bootstrapping Spring Data JPA repositories in DEFAULT mode.
2023-04-04 17:27:13.313  INFO 17054 --- [main] .s.d.r.c.RepositoryConfigurationDelegate : Finished Spring Data repository scanning in 20ms. Found 4 JPA repository interfaces.
2023-04-04 17:27:13.535  INFO 17054 --- [main] trationDelegate$BeanPostProcessorChecker : Bean 'org.springframework.transaction.annotation.ProxyTransactionManagementConfiguration' of type [org.springframework.transaction.annotation.ProxyTransactionManagementConfiguration] is not eligible for getting processed by all BeanPostProcessors (for example: not eligible for auto-proxying)
2023-04-04 17:27:13.640  INFO 17054 --- [main] o.s.b.w.embedded.tomcat.TomcatWebServer  : Tomcat initialized with port(s): 8080 (http)
2023-04-04 17:27:13.644  INFO 17054 --- [main] o.apache.catalina.core.StandardService   : Starting service [Tomcat]
2023-04-04 17:27:13.644  INFO 17054 --- [main] org.apache.catalina.core.StandardEngine  : Starting Servlet engine: [Apache Tomcat/9.0.29]
2023-04-04 17:27:13.687  INFO 17054 --- [main] o.a.c.c.C.[Tomcat].[localhost].[/]       : Initializing Spring embedded WebApplicationContext
2023-04-04 17:27:13.687  INFO 17054 --- [main] o.s.web.context.ContextLoader            : Root WebApplicationContext: initialization completed in 579 ms
2023-04-04 17:27:13.767  INFO 17054 --- [main] o.hibernate.jpa.internal.util.LogHelper  : HHH000204: Processing PersistenceUnitInfo [name: default]
2023-04-04 17:27:13.801  INFO 17054 --- [main] org.hibernate.Version                    : HHH000412: Hibernate Core {5.4.9.Final}
2023-04-04 17:27:13.854  INFO 17054 --- [main] o.hibernate.annotations.common.Version   : HCANN000001: Hibernate Commons Annotations {5.1.0.Final}
2023-04-04 17:27:13.895  INFO 17054 --- [main] com.zaxxer.hikari.HikariDataSource       : HikariPool-1 - Starting...
2023-04-04 17:27:13.985  INFO 17054 --- [main] com.zaxxer.hikari.HikariDataSource       : HikariPool-1 - Start completed.
2023-04-04 17:27:13.993  INFO 17054 --- [main] org.hibernate.dialect.Dialect            : HHH000400: Using dialect: org.hibernate.dialect.H2Dialect
2023-04-04 17:27:14.315  INFO 17054 --- [main] o.h.e.t.j.p.i.JtaPlatformInitiator       : HHH000490: Using JtaPlatform implementation: [org.hibernate.engine.transaction.jta.platform.internal.NoJtaPlatform]
2023-04-04 17:27:14.318  INFO 17054 --- [main] j.LocalContainerEntityManagerFactoryBean : Initialized JPA EntityManagerFactory for persistence unit 'default'
2023-04-04 17:27:14.449  WARN 17054 --- [main] JpaBaseConfiguration$JpaWebConfiguration : spring.jpa.open-in-view is enabled by default. Therefore, database queries may be performed during view rendering. Explicitly configure spring.jpa.open-in-view to disable this warning
2023-04-04 17:27:14.651  INFO 17054 --- [main] o.s.s.web.DefaultSecurityFilterChain     : Creating filter chain: any request, [org.springframework.security.web.context.request.async.WebAsyncManagerIntegrationFilter@63243c8f, org.springframework.security.web.context.SecurityContextPersistenceFilter@39403943, org.springframework.security.web.header.HeaderWriterFilter@45635ae1, org.springframework.web.filter.CorsFilter@2ea4e762, org.springframework.security.web.authentication.logout.LogoutFilter@51aa2a58, com.example.demo.security.JWTAuthenticationFilter@444c0f9a, com.example.demo.security.JWTAuthenticationVerficationFilter@36931450, org.springframework.security.web.savedrequest.RequestCacheAwareFilter@49338f3, org.springframework.security.web.servletapi.SecurityContextHolderAwareRequestFilter@438a2d3, org.springframework.security.web.authentication.AnonymousAuthenticationFilter@74919649, org.springframework.security.web.session.SessionManagementFilter@4aea57dc, org.springframework.security.web.access.ExceptionTranslationFilter@58ad0586, org.springframework.security.web.access.intercept.FilterSecurityInterceptor@6d0bcf8c]
2023-04-04 17:27:14.673  INFO 17054 --- [main] o.s.s.concurrent.ThreadPoolTaskExecutor  : Initializing ExecutorService 'applicationTaskExecutor'
2023-04-04 17:27:14.731  INFO 17054 --- [main] o.s.b.w.embedded.tomcat.TomcatWebServer  : Tomcat started on port(s): 8080 (http) with context path ''
2023-04-04 17:27:14.732  INFO 17054 --- [main] com.example.demo.SareetaApplication      : Started SareetaApplication in 1.808 seconds (JVM running for 2.201)
2023-04-04 17:27:41.273  INFO 17054 --- [SpringContextShutdownHook] o.s.s.concurrent.ThreadPoolTaskExecutor  : Shutting down ExecutorService 'applicationTaskExecutor'
2023-04-04 17:27:41.276  INFO 17054 --- [SpringContextShutdownHook] j.LocalContainerEntityManagerFactoryBean : Closing JPA EntityManagerFactory for persistence unit 'default'
2023-04-04 17:27:41.279  INFO 17054 --- [SpringContextShutdownHook] com.zaxxer.hikari.HikariDataSource       : HikariPool-1 - Shutdown initiated...
2023-04-04 17:27:41.281  INFO 17054 --- [SpringContextShutdownHook] com.zaxxer.hikari.HikariDataSource       : HikariPool-1 - Shutdown completed.
2023-04-04 17:27:43.384  INFO 17097 --- [main] com.example.demo.SareetaApplication      : Starting SareetaApplication on ous-MacBook-Pro.local with PID 17097 (started by ou in /Users/ou/Library/Mobile Documents/com~apple~CloudDocs/MSCS/Self-Study/Udacity/Authentication/eCommerce-Application)
2023-04-04 17:27:43.385  INFO 17097 --- [main] com.example.demo.SareetaApplication      : No active profile set, falling back to default profiles: default
2023-04-04 17:27:43.590  INFO 17097 --- [main] .s.d.r.c.RepositoryConfigurationDelegate : Bootstrapping Spring Data JPA repositories in DEFAULT mode.
2023-04-04 17:27:43.614  INFO 17097 --- [main] .s.d.r.c.RepositoryConfigurationDelegate : Finished Spring Data repository scanning in 20ms. Found 4 JPA repository interfaces.
2023-04-04 17:27:43.816  INFO 17097 --- [main] trationDelegate$BeanPostProcessorChecker : Bean 'org.springframework.transaction.annotation.ProxyTransactionManagementConfiguration' of type [org.springframework.transaction.annotation.ProxyTransactionManagementConfiguration] is not eligible for getting processed by all BeanPostProcessors (for example: not eligible for auto-proxying)
2023-04-04 17:27:43.925  INFO 17097 --- [main] o.s.b.w.embedded.tomcat.TomcatWebServer  : Tomcat initialized with port(s): 8080 (http)
2023-04-04 17:27:43.929  INFO 17097 --- [main] o.apache.catalina.core.StandardService   : Starting service [Tomcat]
2023-04-04 17:27:43.929  INFO 17097 --- [main] org.apache.catalina.core.StandardEngine  : Starting Servlet engine: [Apache Tomcat/9.0.29]
2023-04-04 17:27:43.982  INFO 17097 --- [main] o.a.c.c.C.[Tomcat].[localhost].[/]       : Initializing Spring embedded WebApplicationContext
2023-04-04 17:27:43.982  INFO 17097 --- [main] o.s.web.context.ContextLoader            : Root WebApplicationContext: initialization completed in 569 ms
2023-04-04 17:27:44.050  INFO 17097 --- [main] o.hibernate.jpa.internal.util.LogHelper  : HHH000204: Processing PersistenceUnitInfo [name: default]
2023-04-04 17:27:44.079  INFO 17097 --- [main] org.hibernate.Version                    : HHH000412: Hibernate Core {5.4.9.Final}
2023-04-04 17:27:44.131  INFO 17097 --- [main] o.hibernate.annotations.common.Version   : HCANN000001: Hibernate Commons Annotations {5.1.0.Final}
2023-04-04 17:27:44.167  INFO 17097 --- [main] com.zaxxer.hikari.HikariDataSource       : HikariPool-1 - Starting...
2023-04-04 17:27:44.248  INFO 17097 --- [main] com.zaxxer.hikari.HikariDataSource       : HikariPool-1 - Start completed.
2023-04-04 17:27:44.255  INFO 17097 --- [main] org.hibernate.dialect.Dialect            : HHH000400: Using dialect: org.hibernate.dialect.H2Dialect
2023-04-04 17:27:44.563  INFO 17097 --- [main] o.h.e.t.j.p.i.JtaPlatformInitiator       : HHH000490: Using JtaPlatform implementation: [org.hibernate.engine.transaction.jta.platform.internal.NoJtaPlatform]
2023-04-04 17:27:44.566  INFO 17097 --- [main] j.LocalContainerEntityManagerFactoryBean : Initialized JPA EntityManagerFactory for persistence unit 'default'
2023-04-04 17:27:44.689  WARN 17097 --- [main] JpaBaseConfiguration$JpaWebConfiguration : spring.jpa.open-in-view is enabled by default. Therefore, database queries may be performed during view rendering. Explicitly configure spring.jpa.open-in-view to disable this warning
2023-04-04 17:27:44.889  INFO 17097 --- [main] o.s.s.web.DefaultSecurityFilterChain     : Creating filter chain: any request, [org.springframework.security.web.context.request.async.WebAsyncManagerIntegrationFilter@4136b193, org.springframework.security.web.context.SecurityContextPersistenceFilter@67fd2e17, org.springframework.security.web.header.HeaderWriterFilter@5740ad76, org.springframework.web.filter.CorsFilter@4af44f2a, org.springframework.security.web.authentication.logout.LogoutFilter@564d3940, com.example.demo.security.JWTAuthenticationFilter@570127fa, com.example.demo.security.JWTAuthenticationVerficationFilter@5b324447, org.springframework.security.web.savedrequest.RequestCacheAwareFilter@5e9f1a4c, org.springframework.security.web.servletapi.SecurityContextHolderAwareRequestFilter@7852ab30, org.springframework.security.web.authentication.AnonymousAuthenticationFilter@2ffcdc9b, org.springframework.security.web.session.SessionManagementFilter@79c849c7, org.springframework.security.web.access.ExceptionTranslationFilter@7c68a63c, org.springframework.security.web.access.intercept.FilterSecurityInterceptor@314c28dc]
2023-04-04 17:27:44.914  INFO 17097 --- [main] o.s.s.concurrent.ThreadPoolTaskExecutor  : Initializing ExecutorService 'applicationTaskExecutor'
2023-04-04 17:27:44.969  INFO 17097 --- [main] o.s.b.w.embedded.tomcat.TomcatWebServer  : Tomcat started on port(s): 8080 (http) with context path ''
2023-04-04 17:27:44.970  INFO 17097 --- [main] com.example.demo.SareetaApplication      : Started SareetaApplication in 1.735 seconds (JVM running for 1.982)
2023-04-04 17:27:55.311  INFO 17097 --- [http-nio-8080-exec-2] o.a.c.c.C.[Tomcat].[localhost].[/]       : Initializing Spring DispatcherServlet 'dispatcherServlet'
2023-04-04 17:27:55.311  INFO 17097 --- [http-nio-8080-exec-2] o.s.web.servlet.DispatcherServlet        : Initializing Servlet 'dispatcherServlet'
2023-04-04 17:27:55.316  INFO 17097 --- [http-nio-8080-exec-2] o.s.web.servlet.DispatcherServlet        : Completed initialization in 5 ms
2023-04-04 17:27:55.374  INFO 17097 --- [http-nio-8080-exec-2] c.e.demo.controllers.UserController      : User name set with Rachels
2023-04-04 17:27:55.493  INFO 17097 --- [http-nio-8080-exec-2] c.e.demo.controllers.UserController      : CreateUser request successes
2023-04-04 17:28:23.712  INFO 17097 --- [http-nio-8080-exec-5] c.e.demo.controllers.UserController      : User name set with Rachels
2023-04-04 17:28:23.827  WARN 17097 --- [http-nio-8080-exec-5] o.h.engine.jdbc.spi.SqlExceptionHelper   : SQL Error: 23505, SQLState: 23505
2023-04-04 17:28:23.827 ERROR 17097 --- [http-nio-8080-exec-5] o.h.engine.jdbc.spi.SqlExceptionHelper   : Unique index or primary key violation: "PUBLIC.UK_SB8BBOUER5WAK8VYIIY4PF2BX_INDEX_2 ON PUBLIC.USER(USERNAME) VALUES 1"; SQL statement:
insert into user (id, cart_id, password, username) values (null, ?, ?, ?) [23505-200]
2023-04-04 17:28:23.838 ERROR 17097 --- [http-nio-8080-exec-5] o.a.c.c.C.[.[.[/].[dispatcherServlet]    : Servlet.service() for servlet [dispatcherServlet] in context with path [] threw exception [Request processing failed; nested exception is org.springframework.dao.DataIntegrityViolationException: could not execute statement; SQL [n/a]; constraint ["PUBLIC.UK_SB8BBOUER5WAK8VYIIY4PF2BX_INDEX_2 ON PUBLIC.USER(USERNAME) VALUES 1"; SQL statement:
insert into user (id, cart_id, password, username) values (null, ?, ?, ?) [23505-200]]; nested exception is org.hibernate.exception.ConstraintViolationException: could not execute statement] with root cause

org.h2.jdbc.JdbcSQLIntegrityConstraintViolationException: Unique index or primary key violation: "PUBLIC.UK_SB8BBOUER5WAK8VYIIY4PF2BX_INDEX_2 ON PUBLIC.USER(USERNAME) VALUES 1"; SQL statement:
insert into user (id, cart_id, password, username) values (null, ?, ?, ?) [23505-200]
	at org.h2.message.DbException.getJdbcSQLException(DbException.java:459) ~[h2-1.4.200.jar:1.4.200]
	at org.h2.message.DbException.getJdbcSQLException(DbException.java:429) ~[h2-1.4.200.jar:1.4.200]
	at org.h2.message.DbException.get(DbException.java:205) ~[h2-1.4.200.jar:1.4.200]
	at org.h2.message.DbException.get(DbException.java:181) ~[h2-1.4.200.jar:1.4.200]
	at org.h2.index.BaseIndex.getDuplicateKeyException(BaseIndex.java:103) ~[h2-1.4.200.jar:1.4.200]
	at org.h2.mvstore.db.MVSecondaryIndex.checkUnique(MVSecondaryIndex.java:221) ~[h2-1.4.200.jar:1.4.200]
	at org.h2.mvstore.db.MVSecondaryIndex.add(MVSecondaryIndex.java:196) ~[h2-1.4.200.jar:1.4.200]
	at org.h2.mvstore.db.MVTable.addRow(MVTable.java:531) ~[h2-1.4.200.jar:1.4.200]
	at org.h2.command.dml.Insert.insertRows(Insert.java:195) ~[h2-1.4.200.jar:1.4.200]
	at org.h2.command.dml.Insert.update(Insert.java:151) ~[h2-1.4.200.jar:1.4.200]
	at org.h2.command.CommandContainer.executeUpdateWithGeneratedKeys(CommandContainer.java:272) ~[h2-1.4.200.jar:1.4.200]
	at org.h2.command.CommandContainer.update(CommandContainer.java:191) ~[h2-1.4.200.jar:1.4.200]
	at org.h2.command.Command.executeUpdate(Command.java:251) ~[h2-1.4.200.jar:1.4.200]
	at org.h2.jdbc.JdbcPreparedStatement.executeUpdateInternal(JdbcPreparedStatement.java:191) ~[h2-1.4.200.jar:1.4.200]
	at org.h2.jdbc.JdbcPreparedStatement.executeUpdate(JdbcPreparedStatement.java:152) ~[h2-1.4.200.jar:1.4.200]
	at com.zaxxer.hikari.pool.ProxyPreparedStatement.executeUpdate(ProxyPreparedStatement.java:61) ~[HikariCP-3.4.1.jar:na]
	at com.zaxxer.hikari.pool.HikariProxyPreparedStatement.executeUpdate(HikariProxyPreparedStatement.java) ~[HikariCP-3.4.1.jar:na]
	at org.hibernate.engine.jdbc.internal.ResultSetReturnImpl.executeUpdate(ResultSetReturnImpl.java:197) ~[hibernate-core-5.4.9.Final.jar:5.4.9.Final]
	at org.hibernate.dialect.identity.GetGeneratedKeysDelegate.executeAndExtract(GetGeneratedKeysDelegate.java:57) ~[hibernate-core-5.4.9.Final.jar:5.4.9.Final]
	at org.hibernate.id.insert.AbstractReturningDelegate.performInsert(AbstractReturningDelegate.java:43) ~[hibernate-core-5.4.9.Final.jar:5.4.9.Final]
	at org.hibernate.persister.entity.AbstractEntityPersister.insert(AbstractEntityPersister.java:3106) ~[hibernate-core-5.4.9.Final.jar:5.4.9.Final]
	at org.hibernate.persister.entity.AbstractEntityPersister.insert(AbstractEntityPersister.java:3699) ~[hibernate-core-5.4.9.Final.jar:5.4.9.Final]
	at org.hibernate.action.internal.EntityIdentityInsertAction.execute(EntityIdentityInsertAction.java:84) ~[hibernate-core-5.4.9.Final.jar:5.4.9.Final]
	at org.hibernate.engine.spi.ActionQueue.execute(ActionQueue.java:645) ~[hibernate-core-5.4.9.Final.jar:5.4.9.Final]
	at org.hibernate.engine.spi.ActionQueue.addResolvedEntityInsertAction(ActionQueue.java:282) ~[hibernate-core-5.4.9.Final.jar:5.4.9.Final]
	at org.hibernate.engine.spi.ActionQueue.addInsertAction(ActionQueue.java:263) ~[hibernate-core-5.4.9.Final.jar:5.4.9.Final]
	at org.hibernate.engine.spi.ActionQueue.addAction(ActionQueue.java:317) ~[hibernate-core-5.4.9.Final.jar:5.4.9.Final]
	at org.hibernate.event.internal.AbstractSaveEventListener.addInsertAction(AbstractSaveEventListener.java:335) ~[hibernate-core-5.4.9.Final.jar:5.4.9.Final]
	at org.hibernate.event.internal.AbstractSaveEventListener.performSaveOrReplicate(AbstractSaveEventListener.java:292) ~[hibernate-core-5.4.9.Final.jar:5.4.9.Final]
	at org.hibernate.event.internal.AbstractSaveEventListener.performSave(AbstractSaveEventListener.java:198) ~[hibernate-core-5.4.9.Final.jar:5.4.9.Final]
	at org.hibernate.event.internal.AbstractSaveEventListener.saveWithGeneratedId(AbstractSaveEventListener.java:128) ~[hibernate-core-5.4.9.Final.jar:5.4.9.Final]
	at org.hibernate.event.internal.DefaultPersistEventListener.entityIsTransient(DefaultPersistEventListener.java:192) ~[hibernate-core-5.4.9.Final.jar:5.4.9.Final]
	at org.hibernate.event.internal.DefaultPersistEventListener.onPersist(DefaultPersistEventListener.java:135) ~[hibernate-core-5.4.9.Final.jar:5.4.9.Final]
	at org.hibernate.event.internal.DefaultPersistEventListener.onPersist(DefaultPersistEventListener.java:62) ~[hibernate-core-5.4.9.Final.jar:5.4.9.Final]
	at org.hibernate.event.service.internal.EventListenerGroupImpl.fireEventOnEachListener(EventListenerGroupImpl.java:108) ~[hibernate-core-5.4.9.Final.jar:5.4.9.Final]
	at org.hibernate.internal.SessionImpl.firePersist(SessionImpl.java:702) ~[hibernate-core-5.4.9.Final.jar:5.4.9.Final]
	at org.hibernate.internal.SessionImpl.persist(SessionImpl.java:688) ~[hibernate-core-5.4.9.Final.jar:5.4.9.Final]
	at java.base/jdk.internal.reflect.DirectMethodHandleAccessor.invoke(DirectMethodHandleAccessor.java:104) ~[na:na]
	at java.base/java.lang.reflect.Method.invoke(Method.java:578) ~[na:na]
	at org.springframework.orm.jpa.ExtendedEntityManagerCreator$ExtendedEntityManagerInvocationHandler.invoke(ExtendedEntityManagerCreator.java:368) ~[spring-orm-5.2.2.RELEASE.jar:5.2.2.RELEASE]
	at jdk.proxy2/jdk.proxy2.$Proxy93.persist(Unknown Source) ~[na:na]
	at java.base/jdk.internal.reflect.DirectMethodHandleAccessor.invoke(DirectMethodHandleAccessor.java:104) ~[na:na]
	at java.base/java.lang.reflect.Method.invoke(Method.java:578) ~[na:na]
	at org.springframework.orm.jpa.SharedEntityManagerCreator$SharedEntityManagerInvocationHandler.invoke(SharedEntityManagerCreator.java:314) ~[spring-orm-5.2.2.RELEASE.jar:5.2.2.RELEASE]
	at jdk.proxy2/jdk.proxy2.$Proxy93.persist(Unknown Source) ~[na:na]
	at org.springframework.data.jpa.repository.support.SimpleJpaRepository.save(SimpleJpaRepository.java:554) ~[spring-data-jpa-2.2.3.RELEASE.jar:2.2.3.RELEASE]
	at java.base/jdk.internal.reflect.DirectMethodHandleAccessor.invoke(DirectMethodHandleAccessor.java:104) ~[na:na]
	at java.base/java.lang.reflect.Method.invoke(Method.java:578) ~[na:na]
	at org.springframework.data.repository.core.support.RepositoryComposition$RepositoryFragments.invoke(RepositoryComposition.java:371) ~[spring-data-commons-2.2.3.RELEASE.jar:2.2.3.RELEASE]
	at org.springframework.data.repository.core.support.RepositoryComposition.invoke(RepositoryComposition.java:204) ~[spring-data-commons-2.2.3.RELEASE.jar:2.2.3.RELEASE]
	at org.springframework.data.repository.core.support.RepositoryFactorySupport$ImplementationMethodExecutionInterceptor.invoke(RepositoryFactorySupport.java:657) ~[spring-data-commons-2.2.3.RELEASE.jar:2.2.3.RELEASE]
	at org.springframework.aop.framework.ReflectiveMethodInvocation.proceed(ReflectiveMethodInvocation.java:186) ~[spring-aop-5.2.2.RELEASE.jar:5.2.2.RELEASE]
	at org.springframework.data.repository.core.support.RepositoryFactorySupport$QueryExecutorMethodInterceptor.doInvoke(RepositoryFactorySupport.java:621) ~[spring-data-commons-2.2.3.RELEASE.jar:2.2.3.RELEASE]
	at org.springframework.data.repository.core.support.RepositoryFactorySupport$QueryExecutorMethodInterceptor.invoke(RepositoryFactorySupport.java:605) ~[spring-data-commons-2.2.3.RELEASE.jar:2.2.3.RELEASE]
	at org.springframework.aop.framework.ReflectiveMethodInvocation.proceed(ReflectiveMethodInvocation.java:186) ~[spring-aop-5.2.2.RELEASE.jar:5.2.2.RELEASE]
	at org.springframework.data.projection.DefaultMethodInvokingMethodInterceptor.invoke(DefaultMethodInvokingMethodInterceptor.java:80) ~[spring-data-commons-2.2.3.RELEASE.jar:2.2.3.RELEASE]
	at org.springframework.aop.framework.ReflectiveMethodInvocation.proceed(ReflectiveMethodInvocation.java:186) ~[spring-aop-5.2.2.RELEASE.jar:5.2.2.RELEASE]
	at org.springframework.transaction.interceptor.TransactionAspectSupport.invokeWithinTransaction(TransactionAspectSupport.java:366) ~[spring-tx-5.2.2.RELEASE.jar:5.2.2.RELEASE]
	at org.springframework.transaction.interceptor.TransactionInterceptor.invoke(TransactionInterceptor.java:99) ~[spring-tx-5.2.2.RELEASE.jar:5.2.2.RELEASE]
	at org.springframework.aop.framework.ReflectiveMethodInvocation.proceed(ReflectiveMethodInvocation.java:186) ~[spring-aop-5.2.2.RELEASE.jar:5.2.2.RELEASE]
	at org.springframework.dao.support.PersistenceExceptionTranslationInterceptor.invoke(PersistenceExceptionTranslationInterceptor.java:139) ~[spring-tx-5.2.2.RELEASE.jar:5.2.2.RELEASE]
	at org.springframework.aop.framework.ReflectiveMethodInvocation.proceed(ReflectiveMethodInvocation.java:186) ~[spring-aop-5.2.2.RELEASE.jar:5.2.2.RELEASE]
	at org.springframework.data.jpa.repository.support.CrudMethodMetadataPostProcessor$CrudMethodMetadataPopulatingMethodInterceptor.invoke(CrudMethodMetadataPostProcessor.java:178) ~[spring-data-jpa-2.2.3.RELEASE.jar:2.2.3.RELEASE]
	at org.springframework.aop.framework.ReflectiveMethodInvocation.proceed(ReflectiveMethodInvocation.java:186) ~[spring-aop-5.2.2.RELEASE.jar:5.2.2.RELEASE]
	at org.springframework.aop.interceptor.ExposeInvocationInterceptor.invoke(ExposeInvocationInterceptor.java:93) ~[spring-aop-5.2.2.RELEASE.jar:5.2.2.RELEASE]
	at org.springframework.aop.framework.ReflectiveMethodInvocation.proceed(ReflectiveMethodInvocation.java:186) ~[spring-aop-5.2.2.RELEASE.jar:5.2.2.RELEASE]
	at org.springframework.aop.framework.JdkDynamicAopProxy.invoke(JdkDynamicAopProxy.java:212) ~[spring-aop-5.2.2.RELEASE.jar:5.2.2.RELEASE]
	at jdk.proxy2/jdk.proxy2.$Proxy105.save(Unknown Source) ~[na:na]
	at com.example.demo.controllers.UserController.createUser(UserController.java:65) ~[classes/:na]
	at java.base/jdk.internal.reflect.DirectMethodHandleAccessor.invoke(DirectMethodHandleAccessor.java:104) ~[na:na]
	at java.base/java.lang.reflect.Method.invoke(Method.java:578) ~[na:na]
	at org.springframework.web.method.support.InvocableHandlerMethod.doInvoke(InvocableHandlerMethod.java:190) ~[spring-web-5.2.2.RELEASE.jar:5.2.2.RELEASE]
	at org.springframework.web.method.support.InvocableHandlerMethod.invokeForRequest(InvocableHandlerMethod.java:138) ~[spring-web-5.2.2.RELEASE.jar:5.2.2.RELEASE]
	at org.springframework.web.servlet.mvc.method.annotation.ServletInvocableHandlerMethod.invokeAndHandle(ServletInvocableHandlerMethod.java:106) ~[spring-webmvc-5.2.2.RELEASE.jar:5.2.2.RELEASE]
	at org.springframework.web.servlet.mvc.method.annotation.RequestMappingHandlerAdapter.invokeHandlerMethod(RequestMappingHandlerAdapter.java:888) ~[spring-webmvc-5.2.2.RELEASE.jar:5.2.2.RELEASE]
	at org.springframework.web.servlet.mvc.method.annotation.RequestMappingHandlerAdapter.handleInternal(RequestMappingHandlerAdapter.java:793) ~[spring-webmvc-5.2.2.RELEASE.jar:5.2.2.RELEASE]
	at org.springframework.web.servlet.mvc.method.AbstractHandlerMethodAdapter.handle(AbstractHandlerMethodAdapter.java:87) ~[spring-webmvc-5.2.2.RELEASE.jar:5.2.2.RELEASE]
	at org.springframework.web.servlet.DispatcherServlet.doDispatch(DispatcherServlet.java:1040) ~[spring-webmvc-5.2.2.RELEASE.jar:5.2.2.RELEASE]
	at org.springframework.web.servlet.DispatcherServlet.doService(DispatcherServlet.java:943) ~[spring-webmvc-5.2.2.RELEASE.jar:5.2.2.RELEASE]
	at org.springframework.web.servlet.FrameworkServlet.processRequest(FrameworkServlet.java:1006) ~[spring-webmvc-5.2.2.RELEASE.jar:5.2.2.RELEASE]
	at org.springframework.web.servlet.FrameworkServlet.doPost(FrameworkServlet.java:909) ~[spring-webmvc-5.2.2.RELEASE.jar:5.2.2.RELEASE]
	at javax.servlet.http.HttpServlet.service(HttpServlet.java:660) ~[tomcat-embed-core-9.0.29.jar:9.0.29]
	at org.springframework.web.servlet.FrameworkServlet.service(FrameworkServlet.java:883) ~[spring-webmvc-5.2.2.RELEASE.jar:5.2.2.RELEASE]
	at javax.servlet.http.HttpServlet.service(HttpServlet.java:741) ~[tomcat-embed-core-9.0.29.jar:9.0.29]
	at org.apache.catalina.core.ApplicationFilterChain.internalDoFilter(ApplicationFilterChain.java:231) ~[tomcat-embed-core-9.0.29.jar:9.0.29]
	at org.apache.catalina.core.ApplicationFilterChain.doFilter(ApplicationFilterChain.java:166) ~[tomcat-embed-core-9.0.29.jar:9.0.29]
	at org.apache.tomcat.websocket.server.WsFilter.doFilter(WsFilter.java:53) ~[tomcat-embed-websocket-9.0.29.jar:9.0.29]
	at org.apache.catalina.core.ApplicationFilterChain.internalDoFilter(ApplicationFilterChain.java:193) ~[tomcat-embed-core-9.0.29.jar:9.0.29]
	at org.apache.catalina.core.ApplicationFilterChain.doFilter(ApplicationFilterChain.java:166) ~[tomcat-embed-core-9.0.29.jar:9.0.29]
	at com.example.demo.security.JWTAuthenticationVerficationFilter.doFilterInternal(JWTAuthenticationVerficationFilter.java:34) ~[classes/:na]
	at org.springframework.web.filter.OncePerRequestFilter.doFilter(OncePerRequestFilter.java:119) ~[spring-web-5.2.2.RELEASE.jar:5.2.2.RELEASE]
	at org.apache.catalina.core.ApplicationFilterChain.internalDoFilter(ApplicationFilterChain.java:193) ~[tomcat-embed-core-9.0.29.jar:9.0.29]
	at org.apache.catalina.core.ApplicationFilterChain.doFilter(ApplicationFilterChain.java:166) ~[tomcat-embed-core-9.0.29.jar:9.0.29]
	at org.springframework.security.web.FilterChainProxy$VirtualFilterChain.doFilter(FilterChainProxy.java:320) ~[spring-security-web-5.2.1.RELEASE.jar:5.2.1.RELEASE]
	at org.springframework.security.web.access.intercept.FilterSecurityInterceptor.invoke(FilterSecurityInterceptor.java:126) ~[spring-security-web-5.2.1.RELEASE.jar:5.2.1.RELEASE]
	at org.springframework.security.web.access.intercept.FilterSecurityInterceptor.doFilter(FilterSecurityInterceptor.java:90) ~[spring-security-web-5.2.1.RELEASE.jar:5.2.1.RELEASE]
	at org.springframework.security.web.FilterChainProxy$VirtualFilterChain.doFilter(FilterChainProxy.java:334) ~[spring-security-web-5.2.1.RELEASE.jar:5.2.1.RELEASE]
	at org.springframework.security.web.access.ExceptionTranslationFilter.doFilter(ExceptionTranslationFilter.java:118) ~[spring-security-web-5.2.1.RELEASE.jar:5.2.1.RELEASE]
	at org.springframework.security.web.FilterChainProxy$VirtualFilterChain.doFilter(FilterChainProxy.java:334) ~[spring-security-web-5.2.1.RELEASE.jar:5.2.1.RELEASE]
	at org.springframework.security.web.session.SessionManagementFilter.doFilter(SessionManagementFilter.java:137) ~[spring-security-web-5.2.1.RELEASE.jar:5.2.1.RELEASE]
	at org.springframework.security.web.FilterChainProxy$VirtualFilterChain.doFilter(FilterChainProxy.java:334) ~[spring-security-web-5.2.1.RELEASE.jar:5.2.1.RELEASE]
	at org.springframework.security.web.authentication.AnonymousAuthenticationFilter.doFilter(AnonymousAuthenticationFilter.java:111) ~[spring-security-web-5.2.1.RELEASE.jar:5.2.1.RELEASE]
	at org.springframework.security.web.FilterChainProxy$VirtualFilterChain.doFilter(FilterChainProxy.java:334) ~[spring-security-web-5.2.1.RELEASE.jar:5.2.1.RELEASE]
	at org.springframework.security.web.servletapi.SecurityContextHolderAwareRequestFilter.doFilter(SecurityContextHolderAwareRequestFilter.java:158) ~[spring-security-web-5.2.1.RELEASE.jar:5.2.1.RELEASE]
	at org.springframework.security.web.FilterChainProxy$VirtualFilterChain.doFilter(FilterChainProxy.java:334) ~[spring-security-web-5.2.1.RELEASE.jar:5.2.1.RELEASE]
	at org.springframework.security.web.savedrequest.RequestCacheAwareFilter.doFilter(RequestCacheAwareFilter.java:63) ~[spring-security-web-5.2.1.RELEASE.jar:5.2.1.RELEASE]
	at org.springframework.security.web.FilterChainProxy$VirtualFilterChain.doFilter(FilterChainProxy.java:334) ~[spring-security-web-5.2.1.RELEASE.jar:5.2.1.RELEASE]
	at com.example.demo.security.JWTAuthenticationVerficationFilter.doFilterInternal(JWTAuthenticationVerficationFilter.java:34) ~[classes/:na]
	at org.springframework.web.filter.OncePerRequestFilter.doFilter(OncePerRequestFilter.java:119) ~[spring-web-5.2.2.RELEASE.jar:5.2.2.RELEASE]
	at org.springframework.security.web.FilterChainProxy$VirtualFilterChain.doFilter(FilterChainProxy.java:334) ~[spring-security-web-5.2.1.RELEASE.jar:5.2.1.RELEASE]
	at org.springframework.security.web.authentication.AbstractAuthenticationProcessingFilter.doFilter(AbstractAuthenticationProcessingFilter.java:200) ~[spring-security-web-5.2.1.RELEASE.jar:5.2.1.RELEASE]
	at org.springframework.security.web.FilterChainProxy$VirtualFilterChain.doFilter(FilterChainProxy.java:334) ~[spring-security-web-5.2.1.RELEASE.jar:5.2.1.RELEASE]
	at org.springframework.security.web.authentication.logout.LogoutFilter.doFilter(LogoutFilter.java:116) ~[spring-security-web-5.2.1.RELEASE.jar:5.2.1.RELEASE]
	at org.springframework.security.web.FilterChainProxy$VirtualFilterChain.doFilter(FilterChainProxy.java:334) ~[spring-security-web-5.2.1.RELEASE.jar:5.2.1.RELEASE]
	at org.springframework.web.filter.CorsFilter.doFilterInternal(CorsFilter.java:92) ~[spring-web-5.2.2.RELEASE.jar:5.2.2.RELEASE]
	at org.springframework.web.filter.OncePerRequestFilter.doFilter(OncePerRequestFilter.java:119) ~[spring-web-5.2.2.RELEASE.jar:5.2.2.RELEASE]
	at org.springframework.security.web.FilterChainProxy$VirtualFilterChain.doFilter(FilterChainProxy.java:334) ~[spring-security-web-5.2.1.RELEASE.jar:5.2.1.RELEASE]
	at org.springframework.security.web.header.HeaderWriterFilter.doHeadersAfter(HeaderWriterFilter.java:92) ~[spring-security-web-5.2.1.RELEASE.jar:5.2.1.RELEASE]
	at org.springframework.security.web.header.HeaderWriterFilter.doFilterInternal(HeaderWriterFilter.java:77) ~[spring-security-web-5.2.1.RELEASE.jar:5.2.1.RELEASE]
	at org.springframework.web.filter.OncePerRequestFilter.doFilter(OncePerRequestFilter.java:119) ~[spring-web-5.2.2.RELEASE.jar:5.2.2.RELEASE]
	at org.springframework.security.web.FilterChainProxy$VirtualFilterChain.doFilter(FilterChainProxy.java:334) ~[spring-security-web-5.2.1.RELEASE.jar:5.2.1.RELEASE]
	at org.springframework.security.web.context.SecurityContextPersistenceFilter.doFilter(SecurityContextPersistenceFilter.java:105) ~[spring-security-web-5.2.1.RELEASE.jar:5.2.1.RELEASE]
	at org.springframework.security.web.FilterChainProxy$VirtualFilterChain.doFilter(FilterChainProxy.java:334) ~[spring-security-web-5.2.1.RELEASE.jar:5.2.1.RELEASE]
	at org.springframework.security.web.context.request.async.WebAsyncManagerIntegrationFilter.doFilterInternal(WebAsyncManagerIntegrationFilter.java:56) ~[spring-security-web-5.2.1.RELEASE.jar:5.2.1.RELEASE]
	at org.springframework.web.filter.OncePerRequestFilter.doFilter(OncePerRequestFilter.java:119) ~[spring-web-5.2.2.RELEASE.jar:5.2.2.RELEASE]
	at org.springframework.security.web.FilterChainProxy$VirtualFilterChain.doFilter(FilterChainProxy.java:334) ~[spring-security-web-5.2.1.RELEASE.jar:5.2.1.RELEASE]
	at org.springframework.security.web.FilterChainProxy.doFilterInternal(FilterChainProxy.java:215) ~[spring-security-web-5.2.1.RELEASE.jar:5.2.1.RELEASE]
	at org.springframework.security.web.FilterChainProxy.doFilter(FilterChainProxy.java:178) ~[spring-security-web-5.2.1.RELEASE.jar:5.2.1.RELEASE]
	at org.springframework.web.filter.DelegatingFilterProxy.invokeDelegate(DelegatingFilterProxy.java:358) ~[spring-web-5.2.2.RELEASE.jar:5.2.2.RELEASE]
	at org.springframework.web.filter.DelegatingFilterProxy.doFilter(DelegatingFilterProxy.java:271) ~[spring-web-5.2.2.RELEASE.jar:5.2.2.RELEASE]
	at org.apache.catalina.core.ApplicationFilterChain.internalDoFilter(ApplicationFilterChain.java:193) ~[tomcat-embed-core-9.0.29.jar:9.0.29]
	at org.apache.catalina.core.ApplicationFilterChain.doFilter(ApplicationFilterChain.java:166) ~[tomcat-embed-core-9.0.29.jar:9.0.29]
	at org.springframework.web.filter.RequestContextFilter.doFilterInternal(RequestContextFilter.java:100) ~[spring-web-5.2.2.RELEASE.jar:5.2.2.RELEASE]
	at org.springframework.web.filter.OncePerRequestFilter.doFilter(OncePerRequestFilter.java:119) ~[spring-web-5.2.2.RELEASE.jar:5.2.2.RELEASE]
	at org.apache.catalina.core.ApplicationFilterChain.internalDoFilter(ApplicationFilterChain.java:193) ~[tomcat-embed-core-9.0.29.jar:9.0.29]
	at org.apache.catalina.core.ApplicationFilterChain.doFilter(ApplicationFilterChain.java:166) ~[tomcat-embed-core-9.0.29.jar:9.0.29]
	at org.springframework.web.filter.FormContentFilter.doFilterInternal(FormContentFilter.java:93) ~[spring-web-5.2.2.RELEASE.jar:5.2.2.RELEASE]
	at org.springframework.web.filter.OncePerRequestFilter.doFilter(OncePerRequestFilter.java:119) ~[spring-web-5.2.2.RELEASE.jar:5.2.2.RELEASE]
	at org.apache.catalina.core.ApplicationFilterChain.internalDoFilter(ApplicationFilterChain.java:193) ~[tomcat-embed-core-9.0.29.jar:9.0.29]
	at org.apache.catalina.core.ApplicationFilterChain.doFilter(ApplicationFilterChain.java:166) ~[tomcat-embed-core-9.0.29.jar:9.0.29]
	at org.springframework.web.filter.CharacterEncodingFilter.doFilterInternal(CharacterEncodingFilter.java:201) ~[spring-web-5.2.2.RELEASE.jar:5.2.2.RELEASE]
	at org.springframework.web.filter.OncePerRequestFilter.doFilter(OncePerRequestFilter.java:119) ~[spring-web-5.2.2.RELEASE.jar:5.2.2.RELEASE]
	at org.apache.catalina.core.ApplicationFilterChain.internalDoFilter(ApplicationFilterChain.java:193) ~[tomcat-embed-core-9.0.29.jar:9.0.29]
	at org.apache.catalina.core.ApplicationFilterChain.doFilter(ApplicationFilterChain.java:166) ~[tomcat-embed-core-9.0.29.jar:9.0.29]
	at org.apache.catalina.core.StandardWrapperValve.invoke(StandardWrapperValve.java:202) ~[tomcat-embed-core-9.0.29.jar:9.0.29]
	at org.apache.catalina.core.StandardContextValve.invoke(StandardContextValve.java:96) ~[tomcat-embed-core-9.0.29.jar:9.0.29]
	at org.apache.catalina.authenticator.AuthenticatorBase.invoke(AuthenticatorBase.java:526) ~[tomcat-embed-core-9.0.29.jar:9.0.29]
	at org.apache.catalina.core.StandardHostValve.invoke(StandardHostValve.java:139) ~[tomcat-embed-core-9.0.29.jar:9.0.29]
	at org.apache.catalina.valves.ErrorReportValve.invoke(ErrorReportValve.java:92) ~[tomcat-embed-core-9.0.29.jar:9.0.29]
	at org.apache.catalina.core.StandardEngineValve.invoke(StandardEngineValve.java:74) ~[tomcat-embed-core-9.0.29.jar:9.0.29]
	at org.apache.catalina.connector.CoyoteAdapter.service(CoyoteAdapter.java:343) ~[tomcat-embed-core-9.0.29.jar:9.0.29]
	at org.apache.coyote.http11.Http11Processor.service(Http11Processor.java:367) ~[tomcat-embed-core-9.0.29.jar:9.0.29]
	at org.apache.coyote.AbstractProcessorLight.process(AbstractProcessorLight.java:65) ~[tomcat-embed-core-9.0.29.jar:9.0.29]
	at org.apache.coyote.AbstractProtocol$ConnectionHandler.process(AbstractProtocol.java:860) ~[tomcat-embed-core-9.0.29.jar:9.0.29]
	at org.apache.tomcat.util.net.NioEndpoint$SocketProcessor.doRun(NioEndpoint.java:1591) ~[tomcat-embed-core-9.0.29.jar:9.0.29]
	at org.apache.tomcat.util.net.SocketProcessorBase.run(SocketProcessorBase.java:49) ~[tomcat-embed-core-9.0.29.jar:9.0.29]
	at java.base/java.util.concurrent.ThreadPoolExecutor.runWorker(ThreadPoolExecutor.java:1144) ~[na:na]
	at java.base/java.util.concurrent.ThreadPoolExecutor$Worker.run(ThreadPoolExecutor.java:642) ~[na:na]
	at org.apache.tomcat.util.threads.TaskThread$WrappingRunnable.run(TaskThread.java:61) ~[tomcat-embed-core-9.0.29.jar:9.0.29]
	at java.base/java.lang.Thread.run(Thread.java:1589) ~[na:na]

2023-04-04 17:28:55.159  INFO 17097 --- [SpringContextShutdownHook] o.s.s.concurrent.ThreadPoolTaskExecutor  : Shutting down ExecutorService 'applicationTaskExecutor'
2023-04-04 17:28:55.161  INFO 17097 --- [SpringContextShutdownHook] j.LocalContainerEntityManagerFactoryBean : Closing JPA EntityManagerFactory for persistence unit 'default'
2023-04-04 17:28:55.162  INFO 17097 --- [SpringContextShutdownHook] com.zaxxer.hikari.HikariDataSource       : HikariPool-1 - Shutdown initiated...
2023-04-04 17:28:55.163  INFO 17097 --- [SpringContextShutdownHook] com.zaxxer.hikari.HikariDataSource       : HikariPool-1 - Shutdown completed.
2023-04-04 17:28:57.746  INFO 17115 --- [main] com.example.demo.SareetaApplication      : Starting SareetaApplication on ous-MacBook-Pro.local with PID 17115 (started by ou in /Users/ou/Library/Mobile Documents/com~apple~CloudDocs/MSCS/Self-Study/Udacity/Authentication/eCommerce-Application)
2023-04-04 17:28:57.747  INFO 17115 --- [main] com.example.demo.SareetaApplication      : No active profile set, falling back to default profiles: default
2023-04-04 17:28:57.963  INFO 17115 --- [main] .s.d.r.c.RepositoryConfigurationDelegate : Bootstrapping Spring Data JPA repositories in DEFAULT mode.
2023-04-04 17:28:57.989  INFO 17115 --- [main] .s.d.r.c.RepositoryConfigurationDelegate : Finished Spring Data repository scanning in 22ms. Found 4 JPA repository interfaces.
2023-04-04 17:28:58.199  INFO 17115 --- [main] trationDelegate$BeanPostProcessorChecker : Bean 'org.springframework.transaction.annotation.ProxyTransactionManagementConfiguration' of type [org.springframework.transaction.annotation.ProxyTransactionManagementConfiguration] is not eligible for getting processed by all BeanPostProcessors (for example: not eligible for auto-proxying)
2023-04-04 17:28:58.311  INFO 17115 --- [main] o.s.b.w.embedded.tomcat.TomcatWebServer  : Tomcat initialized with port(s): 8080 (http)
2023-04-04 17:28:58.316  INFO 17115 --- [main] o.apache.catalina.core.StandardService   : Starting service [Tomcat]
2023-04-04 17:28:58.316  INFO 17115 --- [main] org.apache.catalina.core.StandardEngine  : Starting Servlet engine: [Apache Tomcat/9.0.29]
2023-04-04 17:28:58.356  INFO 17115 --- [main] o.a.c.c.C.[Tomcat].[localhost].[/]       : Initializing Spring embedded WebApplicationContext
2023-04-04 17:28:58.356  INFO 17115 --- [main] o.s.web.context.ContextLoader            : Root WebApplicationContext: initialization completed in 569 ms
2023-04-04 17:28:58.421  INFO 17115 --- [main] o.hibernate.jpa.internal.util.LogHelper  : HHH000204: Processing PersistenceUnitInfo [name: default]
2023-04-04 17:28:58.450  INFO 17115 --- [main] org.hibernate.Version                    : HHH000412: Hibernate Core {5.4.9.Final}
2023-04-04 17:28:58.501  INFO 17115 --- [main] o.hibernate.annotations.common.Version   : HCANN000001: Hibernate Commons Annotations {5.1.0.Final}
2023-04-04 17:28:58.538  INFO 17115 --- [main] com.zaxxer.hikari.HikariDataSource       : HikariPool-1 - Starting...
2023-04-04 17:28:58.617  INFO 17115 --- [main] com.zaxxer.hikari.HikariDataSource       : HikariPool-1 - Start completed.
2023-04-04 17:28:58.625  INFO 17115 --- [main] org.hibernate.dialect.Dialect            : HHH000400: Using dialect: org.hibernate.dialect.H2Dialect
2023-04-04 17:28:58.945  INFO 17115 --- [main] o.h.e.t.j.p.i.JtaPlatformInitiator       : HHH000490: Using JtaPlatform implementation: [org.hibernate.engine.transaction.jta.platform.internal.NoJtaPlatform]
2023-04-04 17:28:58.947  INFO 17115 --- [main] j.LocalContainerEntityManagerFactoryBean : Initialized JPA EntityManagerFactory for persistence unit 'default'
2023-04-04 17:28:59.074  WARN 17115 --- [main] JpaBaseConfiguration$JpaWebConfiguration : spring.jpa.open-in-view is enabled by default. Therefore, database queries may be performed during view rendering. Explicitly configure spring.jpa.open-in-view to disable this warning
2023-04-04 17:28:59.265  INFO 17115 --- [main] o.s.s.web.DefaultSecurityFilterChain     : Creating filter chain: any request, [org.springframework.security.web.context.request.async.WebAsyncManagerIntegrationFilter@182fd26b, org.springframework.security.web.context.SecurityContextPersistenceFilter@8e8ceb3, org.springframework.security.web.header.HeaderWriterFilter@301770d9, org.springframework.web.filter.CorsFilter@5dc120ab, org.springframework.security.web.authentication.logout.LogoutFilter@2b506a79, com.example.demo.security.JWTAuthenticationFilter@49c4118b, com.example.demo.security.JWTAuthenticationVerficationFilter@7ef7f414, org.springframework.security.web.savedrequest.RequestCacheAwareFilter@5d67b2b3, org.springframework.security.web.servletapi.SecurityContextHolderAwareRequestFilter@2ae4c424, org.springframework.security.web.authentication.AnonymousAuthenticationFilter@182dcd2b, org.springframework.security.web.session.SessionManagementFilter@1fec9d33, org.springframework.security.web.access.ExceptionTranslationFilter@70f5f57d, org.springframework.security.web.access.intercept.FilterSecurityInterceptor@68de8522]
2023-04-04 17:28:59.287  INFO 17115 --- [main] o.s.s.concurrent.ThreadPoolTaskExecutor  : Initializing ExecutorService 'applicationTaskExecutor'
2023-04-04 17:28:59.343  INFO 17115 --- [main] o.s.b.w.embedded.tomcat.TomcatWebServer  : Tomcat started on port(s): 8080 (http) with context path ''
2023-04-04 17:28:59.344  INFO 17115 --- [main] com.example.demo.SareetaApplication      : Started SareetaApplication in 1.745 seconds (JVM running for 1.988)
2023-04-04 17:29:00.881  INFO 17115 --- [SpringContextShutdownHook] o.s.s.concurrent.ThreadPoolTaskExecutor  : Shutting down ExecutorService 'applicationTaskExecutor'
2023-04-04 17:29:00.882  INFO 17115 --- [SpringContextShutdownHook] j.LocalContainerEntityManagerFactoryBean : Closing JPA EntityManagerFactory for persistence unit 'default'
2023-04-04 17:29:00.883  INFO 17115 --- [SpringContextShutdownHook] com.zaxxer.hikari.HikariDataSource       : HikariPool-1 - Shutdown initiated...
2023-04-04 17:29:00.884  INFO 17115 --- [SpringContextShutdownHook] com.zaxxer.hikari.HikariDataSource       : HikariPool-1 - Shutdown completed.
2023-04-04 17:33:47.628  INFO 17169 --- [main] com.example.demo.SareetaApplication      : Starting SareetaApplication on ous-MacBook-Pro.local with PID 17169 (started by ou in /Users/ou/Library/Mobile Documents/com~apple~CloudDocs/MSCS/Self-Study/Udacity/Authentication/eCommerce-Application)
2023-04-04 17:33:47.630  INFO 17169 --- [main] com.example.demo.SareetaApplication      : No active profile set, falling back to default profiles: default
2023-04-04 17:33:47.841  INFO 17169 --- [main] .s.d.r.c.RepositoryConfigurationDelegate : Bootstrapping Spring Data JPA repositories in DEFAULT mode.
2023-04-04 17:33:47.870  INFO 17169 --- [main] .s.d.r.c.RepositoryConfigurationDelegate : Finished Spring Data repository scanning in 25ms. Found 4 JPA repository interfaces.
2023-04-04 17:33:48.082  INFO 17169 --- [main] trationDelegate$BeanPostProcessorChecker : Bean 'org.springframework.transaction.annotation.ProxyTransactionManagementConfiguration' of type [org.springframework.transaction.annotation.ProxyTransactionManagementConfiguration] is not eligible for getting processed by all BeanPostProcessors (for example: not eligible for auto-proxying)
2023-04-04 17:33:48.186  INFO 17169 --- [main] o.s.b.w.embedded.tomcat.TomcatWebServer  : Tomcat initialized with port(s): 8080 (http)
2023-04-04 17:33:48.191  INFO 17169 --- [main] o.apache.catalina.core.StandardService   : Starting service [Tomcat]
2023-04-04 17:33:48.191  INFO 17169 --- [main] org.apache.catalina.core.StandardEngine  : Starting Servlet engine: [Apache Tomcat/9.0.29]
2023-04-04 17:33:48.238  INFO 17169 --- [main] o.a.c.c.C.[Tomcat].[localhost].[/]       : Initializing Spring embedded WebApplicationContext
2023-04-04 17:33:48.238  INFO 17169 --- [main] o.s.web.context.ContextLoader            : Root WebApplicationContext: initialization completed in 578 ms
2023-04-04 17:33:48.307  INFO 17169 --- [main] o.hibernate.jpa.internal.util.LogHelper  : HHH000204: Processing PersistenceUnitInfo [name: default]
2023-04-04 17:33:48.340  INFO 17169 --- [main] org.hibernate.Version                    : HHH000412: Hibernate Core {5.4.9.Final}
2023-04-04 17:33:48.396  INFO 17169 --- [main] o.hibernate.annotations.common.Version   : HCANN000001: Hibernate Commons Annotations {5.1.0.Final}
2023-04-04 17:33:48.440  INFO 17169 --- [main] com.zaxxer.hikari.HikariDataSource       : HikariPool-1 - Starting...
2023-04-04 17:33:48.527  INFO 17169 --- [main] com.zaxxer.hikari.HikariDataSource       : HikariPool-1 - Start completed.
2023-04-04 17:33:48.538  INFO 17169 --- [main] org.hibernate.dialect.Dialect            : HHH000400: Using dialect: org.hibernate.dialect.H2Dialect
2023-04-04 17:33:48.883  INFO 17169 --- [main] o.h.e.t.j.p.i.JtaPlatformInitiator       : HHH000490: Using JtaPlatform implementation: [org.hibernate.engine.transaction.jta.platform.internal.NoJtaPlatform]
2023-04-04 17:33:48.886  INFO 17169 --- [main] j.LocalContainerEntityManagerFactoryBean : Initialized JPA EntityManagerFactory for persistence unit 'default'
2023-04-04 17:33:49.015  WARN 17169 --- [main] JpaBaseConfiguration$JpaWebConfiguration : spring.jpa.open-in-view is enabled by default. Therefore, database queries may be performed during view rendering. Explicitly configure spring.jpa.open-in-view to disable this warning
2023-04-04 17:33:49.214  INFO 17169 --- [main] o.s.s.web.DefaultSecurityFilterChain     : Creating filter chain: any request, [org.springframework.security.web.context.request.async.WebAsyncManagerIntegrationFilter@2ea4e762, org.springframework.security.web.context.SecurityContextPersistenceFilter@3c9971af, org.springframework.security.web.header.HeaderWriterFilter@66abc325, org.springframework.web.filter.CorsFilter@444c0f9a, org.springframework.security.web.authentication.logout.LogoutFilter@666b1244, com.example.demo.security.JWTAuthenticationFilter@36931450, com.example.demo.security.JWTAuthenticationVerficationFilter@74919649, org.springframework.security.web.savedrequest.RequestCacheAwareFilter@66d61298, org.springframework.security.web.servletapi.SecurityContextHolderAwareRequestFilter@1ddba7a0, org.springframework.security.web.authentication.AnonymousAuthenticationFilter@7d07e04e, org.springframework.security.web.session.SessionManagementFilter@1c5fd813, org.springframework.security.web.access.ExceptionTranslationFilter@7adbec34, org.springframework.security.web.access.intercept.FilterSecurityInterceptor@a1a72d4]
2023-04-04 17:33:49.236  INFO 17169 --- [main] o.s.s.concurrent.ThreadPoolTaskExecutor  : Initializing ExecutorService 'applicationTaskExecutor'
2023-04-04 17:33:49.296  INFO 17169 --- [main] o.s.b.w.embedded.tomcat.TomcatWebServer  : Tomcat started on port(s): 8080 (http) with context path ''
2023-04-04 17:33:49.297  INFO 17169 --- [main] com.example.demo.SareetaApplication      : Started SareetaApplication in 1.805 seconds (JVM running for 2.175)
2023-04-04 17:33:55.354  INFO 17169 --- [http-nio-8080-exec-2] o.a.c.c.C.[Tomcat].[localhost].[/]       : Initializing Spring DispatcherServlet 'dispatcherServlet'
2023-04-04 17:33:55.355  INFO 17169 --- [http-nio-8080-exec-2] o.s.web.servlet.DispatcherServlet        : Initializing Servlet 'dispatcherServlet'
2023-04-04 17:33:55.371  INFO 17169 --- [http-nio-8080-exec-2] o.s.web.servlet.DispatcherServlet        : Completed initialization in 16 ms
2023-04-04 17:33:55.431  INFO 17169 --- [http-nio-8080-exec-2] c.e.demo.controllers.UserController      : User name set with Rachels
2023-04-04 17:33:55.547  INFO 17169 --- [http-nio-8080-exec-2] c.e.demo.controllers.UserController      : CreateUser request successes
2023-04-04 17:34:04.581  INFO 17169 --- [SpringContextShutdownHook] o.s.s.concurrent.ThreadPoolTaskExecutor  : Shutting down ExecutorService 'applicationTaskExecutor'
2023-04-04 17:34:04.582  INFO 17169 --- [SpringContextShutdownHook] j.LocalContainerEntityManagerFactoryBean : Closing JPA EntityManagerFactory for persistence unit 'default'
2023-04-04 17:34:04.583  INFO 17169 --- [SpringContextShutdownHook] com.zaxxer.hikari.HikariDataSource       : HikariPool-1 - Shutdown initiated...
2023-04-04 17:34:04.584  INFO 17169 --- [SpringContextShutdownHook] com.zaxxer.hikari.HikariDataSource       : HikariPool-1 - Shutdown completed.
